<?xml version="1.0" encoding="UTF-8"?>
<coverage generated="1763017685783" clover="3.2.0">
  <project timestamp="1763017685784" name="All files">
    <metrics statements="49" coveredstatements="30" conditionals="28" coveredconditionals="18" methods="8" coveredmethods="5" elements="85" coveredelements="53" complexity="0" loc="49" ncloc="49" packages="3" files="4" classes="4"/>
    <package name="config">
      <metrics statements="2" coveredstatements="2" conditionals="20" coveredconditionals="17" methods="0" coveredmethods="0"/>
      <file name="index.js" path="C:\Users\pdake\mediacareers.in\backend\src\config\index.js">
        <metrics statements="2" coveredstatements="2" conditionals="20" coveredconditionals="17" methods="0" coveredmethods="0"/>
        <line num="1" count="1" type="stmt"/>
        <line num="3" count="1" type="stmt"/>
      </file>
    </package>
    <package name="models">
      <metrics statements="20" coveredstatements="11" conditionals="2" coveredconditionals="0" methods="4" coveredmethods="2"/>
      <file name="User.js" path="C:\Users\pdake\mediacareers.in\backend\src\models\User.js">
        <metrics statements="20" coveredstatements="11" conditionals="2" coveredconditionals="0" methods="4" coveredmethods="2"/>
        <line num="1" count="1" type="stmt"/>
        <line num="2" count="1" type="stmt"/>
        <line num="4" count="1" type="stmt"/>
        <line num="51" count="1" type="stmt"/>
        <line num="52" count="0" type="cond" truecount="0" falsecount="2"/>
        <line num="53" count="0" type="stmt"/>
        <line num="56" count="0" type="stmt"/>
        <line num="57" count="0" type="stmt"/>
        <line num="58" count="0" type="stmt"/>
        <line num="59" count="0" type="stmt"/>
        <line num="61" count="0" type="stmt"/>
        <line num="66" count="1" type="stmt"/>
        <line num="67" count="0" type="stmt"/>
        <line num="68" count="0" type="stmt"/>
        <line num="72" count="1" type="stmt"/>
        <line num="73" count="2" type="stmt"/>
        <line num="77" count="1" type="stmt"/>
        <line num="78" count="1" type="stmt"/>
        <line num="89" count="1" type="stmt"/>
        <line num="91" count="1" type="stmt"/>
      </file>
    </package>
    <package name="utils">
      <metrics statements="27" coveredstatements="17" conditionals="6" coveredconditionals="1" methods="4" coveredmethods="3"/>
      <file name="emailService.js" path="C:\Users\pdake\mediacareers.in\backend\src\utils\emailService.js">
        <metrics statements="23" coveredstatements="13" conditionals="6" coveredconditionals="1" methods="4" coveredmethods="3"/>
        <line num="1" count="1" type="stmt"/>
        <line num="2" count="1" type="stmt"/>
        <line num="6" count="1" type="stmt"/>
        <line num="10" count="0" type="cond" truecount="0" falsecount="4"/>
        <line num="11" count="0" type="stmt"/>
        <line num="18" count="0" type="stmt"/>
        <line num="26" count="6" type="stmt"/>
        <line num="33" count="6" type="cond" truecount="1" falsecount="1"/>
        <line num="34" count="6" type="stmt"/>
        <line num="35" count="6" type="stmt"/>
        <line num="36" count="6" type="stmt"/>
        <line num="37" count="6" type="stmt"/>
        <line num="38" count="6" type="stmt"/>
        <line num="39" count="6" type="stmt"/>
        <line num="42" count="0" type="stmt"/>
        <line num="43" count="0" type="stmt"/>
        <line num="44" count="0" type="stmt"/>
        <line num="45" count="0" type="stmt"/>
        <line num="46" count="0" type="stmt"/>
        <line num="48" count="0" type="stmt"/>
        <line num="49" count="0" type="stmt"/>
        <line num="57" count="6" type="stmt"/>
        <line num="103" count="1" type="stmt"/>
      </file>
      <file name="validators.js" path="C:\Users\pdake\mediacareers.in\backend\src\utils\validators.js">
        <metrics statements="4" coveredstatements="4" conditionals="0" coveredconditionals="0" methods="0" coveredmethods="0"/>
        <line num="1" count="1" type="stmt"/>
        <line num="3" count="1" type="stmt"/>
        <line num="38" count="1" type="stmt"/>
        <line num="53" count="1" type="stmt"/>
      </file>
    </package>
  </project>
</coverage>
