{"C:\\Users\\pdake\\mediacareers.in\\backend\\src\\config\\index.js": {"path":"C:\\Users\\pdake\\mediacareers.in\\backend\\src\\config\\index.js","statementMap":{"0":{"start":{"line":1,"column":0},"end":{"line":1,"column":27}},"1":{"start":{"line":3,"column":0},"end":{"line":33,"column":2}}},"fnMap":{},"branchMap":{"0":{"loc":{"start":{"line":4,"column":7},"end":{"line":4,"column":44}},"type":"binary-expr","locations":[{"start":{"line":4,"column":7},"end":{"line":4,"column":27}},{"start":{"line":4,"column":31},"end":{"line":4,"column":44}}],"line":4},"1":{"loc":{"start":{"line":5,"column":8},"end":{"line":5,"column":32}},"type":"binary-expr","locations":[{"start":{"line":5,"column":8},"end":{"line":5,"column":24}},{"start":{"line":5,"column":28},"end":{"line":5,"column":32}}],"line":5},"2":{"loc":{"start":{"line":6,"column":8},"end":{"line":6,"column":39}},"type":"binary-expr","locations":[{"start":{"line":6,"column":8},"end":{"line":6,"column":24}},{"start":{"line":6,"column":28},"end":{"line":6,"column":39}}],"line":6},"3":{"loc":{"start":{"line":9,"column":9},"end":{"line":9,"column":76}},"type":"binary-expr","locations":[{"start":{"line":9,"column":9},"end":{"line":9,"column":32}},{"start":{"line":9,"column":36},"end":{"line":9,"column":76}}],"line":9},"4":{"loc":{"start":{"line":13,"column":12},"end":{"line":13,"column":79}},"type":"binary-expr","locations":[{"start":{"line":13,"column":12},"end":{"line":13,"column":34}},{"start":{"line":13,"column":38},"end":{"line":13,"column":79}}],"line":13},"5":{"loc":{"start":{"line":14,"column":15},"end":{"line":14,"column":49}},"type":"binary-expr","locations":[{"start":{"line":14,"column":15},"end":{"line":14,"column":41}},{"start":{"line":14,"column":45},"end":{"line":14,"column":49}}],"line":14},"6":{"loc":{"start":{"line":18,"column":10},"end":{"line":18,"column":52}},"type":"binary-expr","locations":[{"start":{"line":18,"column":10},"end":{"line":18,"column":32}},{"start":{"line":18,"column":36},"end":{"line":18,"column":52}}],"line":18},"7":{"loc":{"start":{"line":19,"column":10},"end":{"line":19,"column":49}},"type":"binary-expr","locations":[{"start":{"line":19,"column":10},"end":{"line":19,"column":42}},{"start":{"line":19,"column":46},"end":{"line":19,"column":49}}],"line":19},"8":{"loc":{"start":{"line":25,"column":10},"end":{"line":25,"column":61}},"type":"binary-expr","locations":[{"start":{"line":25,"column":10},"end":{"line":25,"column":32}},{"start":{"line":25,"column":36},"end":{"line":25,"column":61}}],"line":25},"9":{"loc":{"start":{"line":31,"column":12},"end":{"line":31,"column":62}},"type":"binary-expr","locations":[{"start":{"line":31,"column":12},"end":{"line":31,"column":35}},{"start":{"line":31,"column":39},"end":{"line":31,"column":62}}],"line":31}},"s":{"0":1,"1":1},"f":{},"b":{"0":[1,0],"1":[1,1],"2":[1,1],"3":[1,0],"4":[1,0],"5":[1,1],"6":[1,1],"7":[1,1],"8":[1,1],"9":[1,1]},"_coverageSchema":"1a1c01bbd47fc00a2c39e90264f33305004495a9","hash":"729fba7f652c03eaf06d0962528f470eeefc1913"}
,"C:\\Users\\pdake\\mediacareers.in\\backend\\src\\models\\User.js": {"path":"C:\\Users\\pdake\\mediacareers.in\\backend\\src\\models\\User.js","statementMap":{"0":{"start":{"line":1,"column":17},"end":{"line":1,"column":36}},"1":{"start":{"line":2,"column":15},"end":{"line":2,"column":34}},"2":{"start":{"line":4,"column":19},"end":{"line":48,"column":2}},"3":{"start":{"line":51,"column":0},"end":{"line":63,"column":3}},"4":{"start":{"line":52,"column":2},"end":{"line":54,"column":3}},"5":{"start":{"line":53,"column":4},"end":{"line":53,"column":18}},"6":{"start":{"line":56,"column":2},"end":{"line":62,"column":3}},"7":{"start":{"line":57,"column":17},"end":{"line":57,"column":41}},"8":{"start":{"line":58,"column":4},"end":{"line":58,"column":59}},"9":{"start":{"line":59,"column":4},"end":{"line":59,"column":11}},"10":{"start":{"line":61,"column":4},"end":{"line":61,"column":16}},"11":{"start":{"line":66,"column":0},"end":{"line":69,"column":3}},"12":{"start":{"line":67,"column":2},"end":{"line":67,"column":30}},"13":{"start":{"line":68,"column":2},"end":{"line":68,"column":9}},"14":{"start":{"line":72,"column":0},"end":{"line":74,"column":2}},"15":{"start":{"line":73,"column":2},"end":{"line":73,"column":64}},"16":{"start":{"line":77,"column":0},"end":{"line":87,"column":2}},"17":{"start":{"line":78,"column":2},"end":{"line":86,"column":4}},"18":{"start":{"line":89,"column":13},"end":{"line":89,"column":47}},"19":{"start":{"line":91,"column":0},"end":{"line":91,"column":22}}},"fnMap":{"0":{"name":"(anonymous_0)","decl":{"start":{"line":51,"column":23},"end":{"line":51,"column":24}},"loc":{"start":{"line":51,"column":44},"end":{"line":63,"column":1}},"line":51},"1":{"name":"(anonymous_1)","decl":{"start":{"line":66,"column":23},"end":{"line":66,"column":24}},"loc":{"start":{"line":66,"column":38},"end":{"line":69,"column":1}},"line":66},"2":{"name":"(anonymous_2)","decl":{"start":{"line":72,"column":37},"end":{"line":72,"column":38}},"loc":{"start":{"line":72,"column":71},"end":{"line":74,"column":1}},"line":72},"3":{"name":"(anonymous_3)","decl":{"start":{"line":77,"column":37},"end":{"line":77,"column":38}},"loc":{"start":{"line":77,"column":48},"end":{"line":87,"column":1}},"line":77}},"branchMap":{"0":{"loc":{"start":{"line":52,"column":2},"end":{"line":54,"column":3}},"type":"if","locations":[{"start":{"line":52,"column":2},"end":{"line":54,"column":3}},{"start":{},"end":{}}],"line":52}},"s":{"0":1,"1":1,"2":1,"3":1,"4":0,"5":0,"6":0,"7":0,"8":0,"9":0,"10":0,"11":1,"12":0,"13":0,"14":1,"15":2,"16":1,"17":1,"18":1,"19":1},"f":{"0":0,"1":0,"2":2,"3":1},"b":{"0":[0,0]},"_coverageSchema":"1a1c01bbd47fc00a2c39e90264f33305004495a9","hash":"73d48e330d6736e66841e9af7e36ddb92a559962"}
,"C:\\Users\\pdake\\mediacareers.in\\backend\\src\\utils\\emailService.js": {"path":"C:\\Users\\pdake\\mediacareers.in\\backend\\src\\utils\\emailService.js","statementMap":{"0":{"start":{"line":1,"column":19},"end":{"line":1,"column":40}},"1":{"start":{"line":2,"column":15},"end":{"line":2,"column":35}},"2":{"start":{"line":6,"column":4},"end":{"line":6,"column":28}},"3":{"start":{"line":10,"column":4},"end":{"line":17,"column":5}},"4":{"start":{"line":11,"column":6},"end":{"line":16,"column":9}},"5":{"start":{"line":18,"column":4},"end":{"line":18,"column":28}},"6":{"start":{"line":26,"column":24},"end":{"line":31,"column":5}},"7":{"start":{"line":33,"column":4},"end":{"line":40,"column":5}},"8":{"start":{"line":34,"column":6},"end":{"line":34,"column":55}},"9":{"start":{"line":35,"column":6},"end":{"line":35,"column":41}},"10":{"start":{"line":36,"column":6},"end":{"line":36,"column":51}},"11":{"start":{"line":37,"column":6},"end":{"line":37,"column":48}},"12":{"start":{"line":38,"column":6},"end":{"line":38,"column":54}},"13":{"start":{"line":39,"column":6},"end":{"line":39,"column":67}},"14":{"start":{"line":42,"column":4},"end":{"line":50,"column":5}},"15":{"start":{"line":43,"column":26},"end":{"line":43,"column":48}},"16":{"start":{"line":44,"column":19},"end":{"line":44,"column":58}},"17":{"start":{"line":45,"column":6},"end":{"line":45,"column":49}},"18":{"start":{"line":46,"column":6},"end":{"line":46,"column":58}},"19":{"start":{"line":48,"column":6},"end":{"line":48,"column":51}},"20":{"start":{"line":49,"column":6},"end":{"line":49,"column":54}},"21":{"start":{"line":57,"column":4},"end":{"line":99,"column":6}},"22":{"start":{"line":103,"column":0},"end":{"line":103,"column":36}}},"fnMap":{"0":{"name":"(anonymous_0)","decl":{"start":{"line":5,"column":2},"end":{"line":5,"column":3}},"loc":{"start":{"line":5,"column":16},"end":{"line":7,"column":3}},"line":5},"1":{"name":"(anonymous_1)","decl":{"start":{"line":9,"column":2},"end":{"line":9,"column":3}},"loc":{"start":{"line":9,"column":20},"end":{"line":19,"column":3}},"line":9},"2":{"name":"(anonymous_2)","decl":{"start":{"line":25,"column":2},"end":{"line":25,"column":3}},"loc":{"start":{"line":25,"column":31},"end":{"line":51,"column":3}},"line":25},"3":{"name":"(anonymous_3)","decl":{"start":{"line":56,"column":2},"end":{"line":56,"column":3}},"loc":{"start":{"line":56,"column":33},"end":{"line":100,"column":3}},"line":56}},"branchMap":{"0":{"loc":{"start":{"line":10,"column":4},"end":{"line":17,"column":5}},"type":"if","locations":[{"start":{"line":10,"column":4},"end":{"line":17,"column":5}},{"start":{},"end":{}}],"line":10},"1":{"loc":{"start":{"line":10,"column":8},"end":{"line":10,"column":45}},"type":"binary-expr","locations":[{"start":{"line":10,"column":8},"end":{"line":10,"column":25}},{"start":{"line":10,"column":29},"end":{"line":10,"column":45}}],"line":10},"2":{"loc":{"start":{"line":33,"column":4},"end":{"line":40,"column":5}},"type":"if","locations":[{"start":{"line":33,"column":4},"end":{"line":40,"column":5}},{"start":{},"end":{}}],"line":33}},"s":{"0":1,"1":1,"2":1,"3":0,"4":0,"5":0,"6":6,"7":6,"8":6,"9":6,"10":6,"11":6,"12":6,"13":6,"14":0,"15":0,"16":0,"17":0,"18":0,"19":0,"20":0,"21":6,"22":1},"f":{"0":1,"1":0,"2":6,"3":6},"b":{"0":[0,0],"1":[0,0],"2":[6,0]},"_coverageSchema":"1a1c01bbd47fc00a2c39e90264f33305004495a9","hash":"206087173b12d11c5e3091175626e6055e11e9f7"}
,"C:\\Users\\pdake\\mediacareers.in\\backend\\src\\utils\\validators.js": {"path":"C:\\Users\\pdake\\mediacareers.in\\backend\\src\\utils\\validators.js","statementMap":{"0":{"start":{"line":1,"column":12},"end":{"line":1,"column":26}},"1":{"start":{"line":3,"column":23},"end":{"line":36,"column":2}},"2":{"start":{"line":38,"column":20},"end":{"line":51,"column":2}},"3":{"start":{"line":53,"column":0},"end":{"line":56,"column":2}}},"fnMap":{},"branchMap":{},"s":{"0":1,"1":1,"2":1,"3":1},"f":{},"b":{},"_coverageSchema":"1a1c01bbd47fc00a2c39e90264f33305004495a9","hash":"e0a8977480c29f1e764c8546791d42d1bdb0a728"}
}
