TN:
SF:src\config\index.js
FNF:0
FNH:0
DA:1,1
DA:3,1
LF:2
LH:2
BRDA:4,0,0,1
BRDA:4,0,1,0
BRDA:5,1,0,1
BRDA:5,1,1,1
BRDA:6,2,0,1
BRDA:6,2,1,1
BRDA:9,3,0,1
BRDA:9,3,1,0
BRDA:13,4,0,1
BRDA:13,4,1,0
BRDA:14,5,0,1
BRDA:14,5,1,1
BRDA:18,6,0,1
BRDA:18,6,1,1
BRDA:19,7,0,1
BRDA:19,7,1,1
BRDA:25,8,0,1
BRDA:25,8,1,1
BRDA:31,9,0,1
BRDA:31,9,1,1
BRF:20
BRH:17
end_of_record
TN:
SF:src\models\User.js
FN:51,(anonymous_0)
FN:66,(anonymous_1)
FN:72,(anonymous_2)
FN:77,(anonymous_3)
FNF:4
FNH:2
FNDA:0,(anonymous_0)
FNDA:0,(anonymous_1)
FNDA:2,(anonymous_2)
FNDA:1,(anonymous_3)
DA:1,1
DA:2,1
DA:4,1
DA:51,1
DA:52,0
DA:53,0
DA:56,0
DA:57,0
DA:58,0
DA:59,0
DA:61,0
DA:66,1
DA:67,0
DA:68,0
DA:72,1
DA:73,2
DA:77,1
DA:78,1
DA:89,1
DA:91,1
LF:20
LH:11
BRDA:52,0,0,0
BRDA:52,0,1,0
BRF:2
BRH:0
end_of_record
TN:
SF:src\utils\emailService.js
FN:5,(anonymous_0)
FN:9,(anonymous_1)
FN:25,(anonymous_2)
FN:56,(anonymous_3)
FNF:4
FNH:3
FNDA:1,(anonymous_0)
FNDA:0,(anonymous_1)
FNDA:6,(anonymous_2)
FNDA:6,(anonymous_3)
DA:1,1
DA:2,1
DA:6,1
DA:10,0
DA:11,0
DA:18,0
DA:26,6
DA:33,6
DA:34,6
DA:35,6
DA:36,6
DA:37,6
DA:38,6
DA:39,6
DA:42,0
DA:43,0
DA:44,0
DA:45,0
DA:46,0
DA:48,0
DA:49,0
DA:57,6
DA:103,1
LF:23
LH:13
BRDA:10,0,0,0
BRDA:10,0,1,0
BRDA:10,1,0,0
BRDA:10,1,1,0
BRDA:33,2,0,6
BRDA:33,2,1,0
BRF:6
BRH:1
end_of_record
TN:
SF:src\utils\validators.js
FNF:0
FNH:0
DA:1,1
DA:3,1
DA:38,1
DA:53,1
LF:4
LH:4
BRF:0
BRH:0
end_of_record
